This file contains any messages produced by compilers while
running configure, to aid debugging if configure makes a mistake.

It was created by hdajackretask configure 0.20120413, which was
generated by GNU Autoconf 2.69.  Invocation command line was

  $ ./configure 

## --------- ##
## Platform. ##
## --------- ##

hostname = ns2
uname -m = i686
uname -r = 3.4.9-x86-smp
uname -s = Linux
uname -v = #1 SMP PREEMPT Sat Aug 18 16:18:05 SAST 2012

/usr/bin/uname -p = unknown
/bin/uname -X     = unknown

/bin/arch              = i686
/usr/bin/arch -k       = unknown
/usr/convex/getsysinfo = unknown
/usr/bin/hostinfo      = unknown
/bin/machine           = unknown
/usr/bin/oslevel       = unknown
/bin/universe          = unknown

PATH: /usr/lib/jvm/jdk-1.7.0_09//bin
PATH: /usr/local/sbin
PATH: /usr/sbin
PATH: /sbin
PATH: /usr/local/bin
PATH: /usr/bin
PATH: /bin
PATH: /usr/X11R7/bin
PATH: /opt/sophos/bin


## ----------- ##
## Core tests. ##
## ----------- ##

configure:1932: checking for a BSD-compatible install
configure:2000: result: /usr/bin/ginstall -c
configure:2011: checking whether build environment is sane
configure:2066: result: yes
configure:2104: WARNING: 'missing' script is too old or missing
configure:2217: checking for a thread-safe mkdir -p
configure:2256: result: /usr/bin/mkdir -p
configure:2263: checking for gawk
configure:2279: found /usr/bin/gawk
configure:2290: result: gawk
configure:2301: checking whether make sets $(MAKE)
configure:2323: result: yes
configure:2352: checking whether make supports nested variables
configure:2369: result: yes
configure:2501: checking for gcc
configure:2517: found /usr/bin/gcc
configure:2528: result: gcc
configure:2757: checking for C compiler version
configure:2766: gcc --version >&5
gcc (GCC) 4.8.1 20130530 (prerelease)
Copyright (C) 2013 Free Software Foundation, Inc.
This is free software; see the source for copying conditions.  There is NO
warranty; not even for MERCHANTABILITY or FITNESS FOR A PARTICULAR PURPOSE.

configure:2777: $? = 0
configure:2766: gcc -v >&5
Using built-in specs.
COLLECT_GCC=gcc
COLLECT_LTO_WRAPPER=/usr/libexec/gcc/i686-linux-gnu/4.8.1/lto-wrapper
Target: i686-linux-gnu
Configured with: ./../configure --prefix=/usr --sysconfdir=/etc/ --mandir=/usr/share/man --localstatedir=/var --infodir=/usr/share/info --libdir=/usr/lib --host=i686-linux-gnu --build=i686-linux-gnu --with-ecj-jar=/usr/share/java/ecj-3.5.2.jar --enable-lto --enable-cloog-backend=isl --enable-java-home --with-system-zlib --target=i686-linux-gnu --with-sysroot=/ --with-jvm-root-dir=/usr/lib/jvm/gcj-jdk --enable-languages=c,c++,fortran,java,lto,objc,obj-c++,go,ada
Thread model: posix
gcc version 4.8.1 20130530 (prerelease) (GCC) 
configure:2777: $? = 0
configure:2766: gcc -V >&5
gcc: error: unrecognized command line option '-V'
gcc: fatal error: no input files
compilation terminated.
configure:2777: $? = 1
configure:2766: gcc -qversion >&5
gcc: error: unrecognized command line option '-qversion'
gcc: fatal error: no input files
compilation terminated.
configure:2777: $? = 1
configure:2797: checking whether the C compiler works
configure:2819: gcc -O2 -Wall -pipe -g   conftest.c  >&5
configure:2823: $? = 0
configure:2871: result: yes
configure:2874: checking for C compiler default output file name
configure:2876: result: a.out
configure:2882: checking for suffix of executables
configure:2889: gcc -o conftest -O2 -Wall -pipe -g   conftest.c  >&5
configure:2893: $? = 0
configure:2915: result: 
configure:2937: checking whether we are cross compiling
configure:2945: gcc -o conftest -O2 -Wall -pipe -g   conftest.c  >&5
configure:2949: $? = 0
configure:2956: ./conftest
configure:2960: $? = 0
configure:2975: result: no
configure:2980: checking for suffix of object files
configure:3002: gcc -c -O2 -Wall -pipe -g  conftest.c >&5
configure:3006: $? = 0
configure:3027: result: o
configure:3031: checking whether we are using the GNU C compiler
configure:3050: gcc -c -O2 -Wall -pipe -g  conftest.c >&5
configure:3050: $? = 0
configure:3059: result: yes
configure:3068: checking whether gcc accepts -g
configure:3088: gcc -c -g  conftest.c >&5
configure:3088: $? = 0
configure:3129: result: yes
configure:3146: checking for gcc option to accept ISO C89
configure:3209: gcc  -c -O2 -Wall -pipe -g  conftest.c >&5
configure:3209: $? = 0
configure:3222: result: none needed
configure:3253: checking for style of include used by make
configure:3281: result: GNU
configure:3307: checking dependency style of gcc
configure:3418: result: gcc3
configure:3440: checking how to run the C preprocessor
configure:3471: gcc -E  conftest.c
configure:3471: $? = 0
configure:3485: gcc -E  conftest.c
conftest.c:11:28: fatal error: ac_nonexistent.h: No such file or directory
 #include <ac_nonexistent.h>
                            ^
compilation terminated.
configure:3485: $? = 1
configure: failed program was:
| /* confdefs.h */
| #define PACKAGE_NAME "hdajackretask"
| #define PACKAGE_TARNAME "hdajackretask"
| #define PACKAGE_VERSION "0.20120413"
| #define PACKAGE_STRING "hdajackretask 0.20120413"
| #define PACKAGE_BUGREPORT ""
| #define PACKAGE_URL ""
| #define PACKAGE "hdajackretask"
| #define VERSION "0.20120413"
| /* end confdefs.h.  */
| #include <ac_nonexistent.h>
configure:3510: result: gcc -E
configure:3530: gcc -E  conftest.c
configure:3530: $? = 0
configure:3544: gcc -E  conftest.c
conftest.c:11:28: fatal error: ac_nonexistent.h: No such file or directory
 #include <ac_nonexistent.h>
                            ^
compilation terminated.
configure:3544: $? = 1
configure: failed program was:
| /* confdefs.h */
| #define PACKAGE_NAME "hdajackretask"
| #define PACKAGE_TARNAME "hdajackretask"
| #define PACKAGE_VERSION "0.20120413"
| #define PACKAGE_STRING "hdajackretask 0.20120413"
| #define PACKAGE_BUGREPORT ""
| #define PACKAGE_URL ""
| #define PACKAGE "hdajackretask"
| #define VERSION "0.20120413"
| /* end confdefs.h.  */
| #include <ac_nonexistent.h>
configure:3573: checking for grep that handles long lines and -e
configure:3631: result: /usr/bin/grep
configure:3636: checking for egrep
configure:3698: result: /usr/bin/grep -E
configure:3703: checking for ANSI C header files
configure:3723: gcc -c -O2 -Wall -pipe -g  conftest.c >&5
configure:3723: $? = 0
configure:3796: gcc -o conftest -O2 -Wall -pipe -g   conftest.c  >&5
configure:3796: $? = 0
configure:3796: ./conftest
configure:3796: $? = 0
configure:3807: result: yes
configure:3870: checking for pkg-config
configure:3888: found /usr/bin/pkg-config
configure:3900: result: /usr/bin/pkg-config
configure:3925: checking pkg-config is at least version 0.9.0
configure:3928: result: yes
configure:3938: checking for GTK3
configure:3945: $PKG_CONFIG --exists --print-errors "gtk+-3.0"
Package gtk+-3.0 was not found in the pkg-config search path.
Perhaps you should add the directory containing `gtk+-3.0.pc'
to the PKG_CONFIG_PATH environment variable
No package 'gtk+-3.0' found
configure:3948: $? = 1
configure:3962: $PKG_CONFIG --exists --print-errors "gtk+-3.0"
Package gtk+-3.0 was not found in the pkg-config search path.
Perhaps you should add the directory containing `gtk+-3.0.pc'
to the PKG_CONFIG_PATH environment variable
No package 'gtk+-3.0' found
configure:3965: $? = 1
configure:3979: result: no
No package 'gtk+-3.0' found
configure:3995: error: Package requirements (gtk+-3.0) were not met:

No package 'gtk+-3.0' found

Consider adjusting the PKG_CONFIG_PATH environment variable if you
installed software in a non-standard prefix.

Alternatively, you may set the environment variables GTK3_CFLAGS
and GTK3_LIBS to avoid the need to call pkg-config.
See the pkg-config man page for more details.

## ---------------- ##
## Cache variables. ##
## ---------------- ##

ac_cv_c_compiler_gnu=yes
ac_cv_env_CC_set=
ac_cv_env_CC_value=
ac_cv_env_CFLAGS_set=set
ac_cv_env_CFLAGS_value='-O2 -Wall -pipe -g'
ac_cv_env_CPPFLAGS_set=
ac_cv_env_CPPFLAGS_value=
ac_cv_env_CPP_set=
ac_cv_env_CPP_value=
ac_cv_env_GTK3_CFLAGS_set=
ac_cv_env_GTK3_CFLAGS_value=
ac_cv_env_GTK3_LIBS_set=
ac_cv_env_GTK3_LIBS_value=
ac_cv_env_LDFLAGS_set=
ac_cv_env_LDFLAGS_value=
ac_cv_env_LIBS_set=
ac_cv_env_LIBS_value=
ac_cv_env_PKG_CONFIG_LIBDIR_set=
ac_cv_env_PKG_CONFIG_LIBDIR_value=
ac_cv_env_PKG_CONFIG_PATH_set=set
ac_cv_env_PKG_CONFIG_PATH_value=:/usr/X11R7/lib/pkgconfig/
ac_cv_env_PKG_CONFIG_set=
ac_cv_env_PKG_CONFIG_value=
ac_cv_env_build_alias_set=
ac_cv_env_build_alias_value=
ac_cv_env_host_alias_set=
ac_cv_env_host_alias_value=
ac_cv_env_target_alias_set=
ac_cv_env_target_alias_value=
ac_cv_header_stdc=yes
ac_cv_objext=o
ac_cv_path_EGREP='/usr/bin/grep -E'
ac_cv_path_GREP=/usr/bin/grep
ac_cv_path_ac_pt_PKG_CONFIG=/usr/bin/pkg-config
ac_cv_path_install='/usr/bin/ginstall -c'
ac_cv_path_mkdir=/usr/bin/mkdir
ac_cv_prog_AWK=gawk
ac_cv_prog_CPP='gcc -E'
ac_cv_prog_ac_ct_CC=gcc
ac_cv_prog_cc_c89=
ac_cv_prog_cc_g=yes
ac_cv_prog_make_make_set=yes
am_cv_CC_dependencies_compiler_type=gcc3
am_cv_make_support_nested_variables=yes

## ----------------- ##
## Output variables. ##
## ----------------- ##

ACLOCAL='aclocal-1.13'
AMDEPBACKSLASH='\'
AMDEP_FALSE='#'
AMDEP_TRUE=''
AMTAR='$${TAR-tar}'
AM_BACKSLASH='\'
AM_DEFAULT_V='$(AM_DEFAULT_VERBOSITY)'
AM_DEFAULT_VERBOSITY='1'
AM_V='$(V)'
AUTOCONF='autoconf'
AUTOHEADER='autoheader'
AUTOMAKE='automake-1.13'
AWK='gawk'
CC='gcc'
CCDEPMODE='depmode=gcc3'
CFLAGS='-O2 -Wall -pipe -g'
CPP='gcc -E'
CPPFLAGS=''
CYGPATH_W='echo'
DEFS=''
DEPDIR='.deps'
ECHO_C=''
ECHO_N='-n'
ECHO_T=''
EGREP='/usr/bin/grep -E'
EXEEXT=''
GREP='/usr/bin/grep'
GTK3_CFLAGS=''
GTK3_LIBS=''
INSTALL_DATA='${INSTALL} -m 644'
INSTALL_PROGRAM='${INSTALL}'
INSTALL_SCRIPT='${INSTALL}'
INSTALL_STRIP_PROGRAM='$(install_sh) -c -s'
LDFLAGS=''
LIBOBJS=''
LIBS=''
LTLIBOBJS=''
MAKEINFO='makeinfo'
MKDIR_P='/usr/bin/mkdir -p'
OBJEXT='o'
PACKAGE='hdajackretask'
PACKAGE_BUGREPORT=''
PACKAGE_NAME='hdajackretask'
PACKAGE_STRING='hdajackretask 0.20120413'
PACKAGE_TARNAME='hdajackretask'
PACKAGE_URL=''
PACKAGE_VERSION='0.20120413'
PATH_SEPARATOR=':'
PKG_CONFIG='/usr/bin/pkg-config'
PKG_CONFIG_LIBDIR=''
PKG_CONFIG_PATH=':/usr/X11R7/lib/pkgconfig/'
SET_MAKE=''
SHELL='/bin/sh'
STRIP=''
VERSION='0.20120413'
ac_ct_CC='gcc'
am__EXEEXT_FALSE=''
am__EXEEXT_TRUE=''
am__fastdepCC_FALSE='#'
am__fastdepCC_TRUE=''
am__include='include'
am__isrc=''
am__leading_dot='.'
am__nodep='_no'
am__quote=''
am__tar='$${TAR-tar} chof - "$$tardir"'
am__untar='$${TAR-tar} xf -'
bindir='${exec_prefix}/bin'
build_alias=''
datadir='${datarootdir}'
datarootdir='${prefix}/share'
docdir='${datarootdir}/doc/${PACKAGE_TARNAME}'
dvidir='${docdir}'
exec_prefix='NONE'
host_alias=''
htmldir='${docdir}'
includedir='${prefix}/include'
infodir='${datarootdir}/info'
install_sh='${SHELL} /usr/src/alsa-tools/alsa-tools/hdajackretask/install-sh'
libdir='${exec_prefix}/lib'
libexecdir='${exec_prefix}/libexec'
localedir='${datarootdir}/locale'
localstatedir='${prefix}/var'
mandir='${datarootdir}/man'
mkdir_p='$(MKDIR_P)'
oldincludedir='/usr/include'
pdfdir='${docdir}'
prefix='NONE'
program_transform_name='s,x,x,'
psdir='${docdir}'
sbindir='${exec_prefix}/sbin'
sharedstatedir='${prefix}/com'
sysconfdir='${prefix}/etc'
target_alias=''

## ----------- ##
## confdefs.h. ##
## ----------- ##

/* confdefs.h */
#define PACKAGE_NAME "hdajackretask"
#define PACKAGE_TARNAME "hdajackretask"
#define PACKAGE_VERSION "0.20120413"
#define PACKAGE_STRING "hdajackretask 0.20120413"
#define PACKAGE_BUGREPORT ""
#define PACKAGE_URL ""
#define PACKAGE "hdajackretask"
#define VERSION "0.20120413"
#define STDC_HEADERS 1

configure: exit 1
