This file contains any messages produced by compilers while
running configure, to aid debugging if configure makes a mistake.

It was created by configure, which was
generated by GNU Autoconf 2.69.  Invocation command line was

  $ ./configure 

## --------- ##
## Platform. ##
## --------- ##

hostname = ns2
uname -m = i686
uname -r = 3.4.9-x86-smp
uname -s = Linux
uname -v = #1 SMP PREEMPT Sat Aug 18 16:18:05 SAST 2012

/usr/bin/uname -p = unknown
/bin/uname -X     = unknown

/bin/arch              = i686
/usr/bin/arch -k       = unknown
/usr/convex/getsysinfo = unknown
/usr/bin/hostinfo      = unknown
/bin/machine           = unknown
/usr/bin/oslevel       = unknown
/bin/universe          = unknown

PATH: /usr/lib/jvm/jdk-1.7.0_09//bin
PATH: /usr/local/sbin
PATH: /usr/sbin
PATH: /sbin
PATH: /usr/local/bin
PATH: /usr/bin
PATH: /bin
PATH: /usr/X11R7/bin
PATH: /opt/sophos/bin


## ----------- ##
## Core tests. ##
## ----------- ##

configure:1970: checking for a BSD-compatible install
configure:2038: result: /usr/bin/ginstall -c
configure:2049: checking whether build environment is sane
configure:2104: result: yes
configure:2142: WARNING: 'missing' script is too old or missing
configure:2255: checking for a thread-safe mkdir -p
configure:2294: result: /usr/bin/mkdir -p
configure:2301: checking for gawk
configure:2317: found /usr/bin/gawk
configure:2328: result: gawk
configure:2339: checking whether make sets $(MAKE)
configure:2361: result: yes
configure:2390: checking whether make supports nested variables
configure:2407: result: yes
configure:2540: checking for gcc
configure:2556: found /usr/bin/gcc
configure:2567: result: gcc
configure:2796: checking for C compiler version
configure:2805: gcc --version >&5
gcc (GCC) 4.8.1 20130530 (prerelease)
Copyright (C) 2013 Free Software Foundation, Inc.
This is free software; see the source for copying conditions.  There is NO
warranty; not even for MERCHANTABILITY or FITNESS FOR A PARTICULAR PURPOSE.

configure:2816: $? = 0
configure:2805: gcc -v >&5
Using built-in specs.
COLLECT_GCC=gcc
COLLECT_LTO_WRAPPER=/usr/libexec/gcc/i686-linux-gnu/4.8.1/lto-wrapper
Target: i686-linux-gnu
Configured with: ./../configure --prefix=/usr --sysconfdir=/etc/ --mandir=/usr/share/man --localstatedir=/var --infodir=/usr/share/info --libdir=/usr/lib --host=i686-linux-gnu --build=i686-linux-gnu --with-ecj-jar=/usr/share/java/ecj-3.5.2.jar --enable-lto --enable-cloog-backend=isl --enable-java-home --with-system-zlib --target=i686-linux-gnu --with-sysroot=/ --with-jvm-root-dir=/usr/lib/jvm/gcj-jdk --enable-languages=c,c++,fortran,java,lto,objc,obj-c++,go,ada
Thread model: posix
gcc version 4.8.1 20130530 (prerelease) (GCC) 
configure:2816: $? = 0
configure:2805: gcc -V >&5
gcc: error: unrecognized command line option '-V'
gcc: fatal error: no input files
compilation terminated.
configure:2816: $? = 1
configure:2805: gcc -qversion >&5
gcc: error: unrecognized command line option '-qversion'
gcc: fatal error: no input files
compilation terminated.
configure:2816: $? = 1
configure:2836: checking whether the C compiler works
configure:2858: gcc -O2 -Wall -pipe -g   conftest.c  >&5
configure:2862: $? = 0
configure:2910: result: yes
configure:2913: checking for C compiler default output file name
configure:2915: result: a.out
configure:2921: checking for suffix of executables
configure:2928: gcc -o conftest -O2 -Wall -pipe -g   conftest.c  >&5
configure:2932: $? = 0
configure:2954: result: 
configure:2976: checking whether we are cross compiling
configure:2984: gcc -o conftest -O2 -Wall -pipe -g   conftest.c  >&5
configure:2988: $? = 0
configure:2995: ./conftest
configure:2999: $? = 0
configure:3014: result: no
configure:3019: checking for suffix of object files
configure:3041: gcc -c -O2 -Wall -pipe -g  conftest.c >&5
configure:3045: $? = 0
configure:3066: result: o
configure:3070: checking whether we are using the GNU C compiler
configure:3089: gcc -c -O2 -Wall -pipe -g  conftest.c >&5
configure:3089: $? = 0
configure:3098: result: yes
configure:3107: checking whether gcc accepts -g
configure:3127: gcc -c -g  conftest.c >&5
configure:3127: $? = 0
configure:3168: result: yes
configure:3185: checking for gcc option to accept ISO C89
configure:3248: gcc  -c -O2 -Wall -pipe -g  conftest.c >&5
configure:3248: $? = 0
configure:3261: result: none needed
configure:3292: checking for style of include used by make
configure:3320: result: GNU
configure:3346: checking dependency style of gcc
configure:3457: result: gcc3
configure:3479: checking how to run the C preprocessor
configure:3510: gcc -E  conftest.c
configure:3510: $? = 0
configure:3524: gcc -E  conftest.c
conftest.c:11:28: fatal error: ac_nonexistent.h: No such file or directory
 #include <ac_nonexistent.h>
                            ^
compilation terminated.
configure:3524: $? = 1
configure: failed program was:
| /* confdefs.h */
| #define PACKAGE_NAME ""
| #define PACKAGE_TARNAME ""
| #define PACKAGE_VERSION ""
| #define PACKAGE_STRING ""
| #define PACKAGE_BUGREPORT ""
| #define PACKAGE_URL ""
| #define PACKAGE "sbiload"
| #define VERSION "0.4.0"
| /* end confdefs.h.  */
| #include <ac_nonexistent.h>
configure:3549: result: gcc -E
configure:3569: gcc -E  conftest.c
configure:3569: $? = 0
configure:3583: gcc -E  conftest.c
conftest.c:11:28: fatal error: ac_nonexistent.h: No such file or directory
 #include <ac_nonexistent.h>
                            ^
compilation terminated.
configure:3583: $? = 1
configure: failed program was:
| /* confdefs.h */
| #define PACKAGE_NAME ""
| #define PACKAGE_TARNAME ""
| #define PACKAGE_VERSION ""
| #define PACKAGE_STRING ""
| #define PACKAGE_BUGREPORT ""
| #define PACKAGE_URL ""
| #define PACKAGE "sbiload"
| #define VERSION "0.4.0"
| /* end confdefs.h.  */
| #include <ac_nonexistent.h>
configure:3612: checking for grep that handles long lines and -e
configure:3670: result: /usr/bin/grep
configure:3675: checking for egrep
configure:3737: result: /usr/bin/grep -E
configure:3742: checking for ANSI C header files
configure:3762: gcc -c -O2 -Wall -pipe -g  conftest.c >&5
configure:3762: $? = 0
configure:3835: gcc -o conftest -O2 -Wall -pipe -g   conftest.c  >&5
configure:3835: $? = 0
configure:3835: ./conftest
configure:3835: $? = 0
configure:3846: result: yes
configure:3885: checking for ALSA CFLAGS
configure:3891: result: 
configure:3894: checking for ALSA LDFLAGS
configure:3903: result:  -lasound -lm -ldl -lpthread
configure:3908: checking for libasound headers version >= 1.0.15
configure:3970: gcc -c -O2 -Wall -pipe -g  conftest.c >&5
configure:3970: $? = 0
configure:3971: result: found.
configure:3990: checking for snd_ctl_open in -lasound
configure:4015: gcc -o conftest -O2 -Wall -pipe -g   conftest.c -lasound   -lasound -lm -ldl -lpthread  >&5
configure:4015: $? = 0
configure:4024: result: yes
configure:4210: checking that generated files are newer than configure
configure:4216: result: done
configure:4239: creating ./config.status

## ---------------------- ##
## Running config.status. ##
## ---------------------- ##

This file was extended by config.status, which was
generated by GNU Autoconf 2.69.  Invocation command line was

  CONFIG_FILES    = 
  CONFIG_HEADERS  = 
  CONFIG_LINKS    = 
  CONFIG_COMMANDS = 
  $ ./config.status 

on ns2

config.status:777: creating Makefile
config.status:949: executing depfiles commands

## ---------------- ##
## Cache variables. ##
## ---------------- ##

ac_cv_c_compiler_gnu=yes
ac_cv_env_CC_set=
ac_cv_env_CC_value=
ac_cv_env_CFLAGS_set=set
ac_cv_env_CFLAGS_value='-O2 -Wall -pipe -g'
ac_cv_env_CPPFLAGS_set=
ac_cv_env_CPPFLAGS_value=
ac_cv_env_CPP_set=
ac_cv_env_CPP_value=
ac_cv_env_LDFLAGS_set=
ac_cv_env_LDFLAGS_value=
ac_cv_env_LIBS_set=
ac_cv_env_LIBS_value=
ac_cv_env_build_alias_set=
ac_cv_env_build_alias_value=
ac_cv_env_host_alias_set=
ac_cv_env_host_alias_value=
ac_cv_env_target_alias_set=
ac_cv_env_target_alias_value=
ac_cv_header_stdc=yes
ac_cv_lib_asound_snd_ctl_open=yes
ac_cv_objext=o
ac_cv_path_EGREP='/usr/bin/grep -E'
ac_cv_path_GREP=/usr/bin/grep
ac_cv_path_install='/usr/bin/ginstall -c'
ac_cv_path_mkdir=/usr/bin/mkdir
ac_cv_prog_AWK=gawk
ac_cv_prog_CPP='gcc -E'
ac_cv_prog_ac_ct_CC=gcc
ac_cv_prog_cc_c89=
ac_cv_prog_cc_g=yes
ac_cv_prog_make_make_set=yes
am_cv_CC_dependencies_compiler_type=gcc3
am_cv_make_support_nested_variables=yes

## ----------------- ##
## Output variables. ##
## ----------------- ##

ACLOCAL='aclocal-1.13'
ALSA_CFLAGS=''
ALSA_LIBS=' -lasound -lm -ldl -lpthread'
AMDEPBACKSLASH='\'
AMDEP_FALSE='#'
AMDEP_TRUE=''
AMTAR='$${TAR-tar}'
AM_BACKSLASH='\'
AM_DEFAULT_V='$(AM_DEFAULT_VERBOSITY)'
AM_DEFAULT_VERBOSITY='1'
AM_V='$(V)'
AUTOCONF='autoconf'
AUTOHEADER='autoheader'
AUTOMAKE='automake-1.13'
AWK='gawk'
CC='gcc'
CCDEPMODE='depmode=gcc3'
CFLAGS='-O2 -Wall -pipe -g '
CPP='gcc -E'
CPPFLAGS=''
CYGPATH_W='echo'
DEFS='-DPACKAGE_NAME=\"\" -DPACKAGE_TARNAME=\"\" -DPACKAGE_VERSION=\"\" -DPACKAGE_STRING=\"\" -DPACKAGE_BUGREPORT=\"\" -DPACKAGE_URL=\"\" -DPACKAGE=\"sbiload\" -DVERSION=\"0.4.0\" -DSTDC_HEADERS=1 -DHAVE_LIBASOUND=1'
DEPDIR='.deps'
ECHO_C=''
ECHO_N='-n'
ECHO_T=''
EGREP='/usr/bin/grep -E'
EXEEXT=''
GREP='/usr/bin/grep'
INSTALL_DATA='${INSTALL} -m 644'
INSTALL_PROGRAM='${INSTALL}'
INSTALL_SCRIPT='${INSTALL}'
INSTALL_STRIP_PROGRAM='$(install_sh) -c -s'
LDFLAGS='  -lasound -lm -ldl -lpthread'
LIBOBJS=''
LIBS='-lasound -lm -ldl -lpthread'
LTLIBOBJS=''
MAKEINFO='makeinfo'
MKDIR_P='/usr/bin/mkdir -p'
OBJEXT='o'
PACKAGE='sbiload'
PACKAGE_BUGREPORT=''
PACKAGE_NAME=''
PACKAGE_STRING=''
PACKAGE_TARNAME=''
PACKAGE_URL=''
PACKAGE_VERSION=''
PATH_SEPARATOR=':'
SET_MAKE=''
SHELL='/bin/sh'
STRIP=''
VERSION='0.4.0'
ac_ct_CC='gcc'
am__EXEEXT_FALSE=''
am__EXEEXT_TRUE='#'
am__fastdepCC_FALSE='#'
am__fastdepCC_TRUE=''
am__include='include'
am__isrc=''
am__leading_dot='.'
am__nodep='_no'
am__quote=''
am__tar='$${TAR-tar} chof - "$$tardir"'
am__untar='$${TAR-tar} xf -'
bindir='${exec_prefix}/bin'
build_alias=''
datadir='${datarootdir}'
datarootdir='${prefix}/share'
docdir='${datarootdir}/doc/${PACKAGE}'
dvidir='${docdir}'
exec_prefix='${prefix}'
host_alias=''
htmldir='${docdir}'
includedir='${prefix}/include'
infodir='${datarootdir}/info'
install_sh='${SHELL} /usr/src/alsa-tools/alsa-tools/seq/sbiload/install-sh'
libdir='${exec_prefix}/lib'
libexecdir='${exec_prefix}/libexec'
localedir='${datarootdir}/locale'
localstatedir='${prefix}/var'
mandir='${datarootdir}/man'
mkdir_p='$(MKDIR_P)'
oldincludedir='/usr/include'
pdfdir='${docdir}'
prefix='/usr/local'
program_transform_name='s,x,x,'
psdir='${docdir}'
sbindir='${exec_prefix}/sbin'
sharedstatedir='${prefix}/com'
sysconfdir='${prefix}/etc'
target_alias=''

## ----------- ##
## confdefs.h. ##
## ----------- ##

/* confdefs.h */
#define PACKAGE_NAME ""
#define PACKAGE_TARNAME ""
#define PACKAGE_VERSION ""
#define PACKAGE_STRING ""
#define PACKAGE_BUGREPORT ""
#define PACKAGE_URL ""
#define PACKAGE "sbiload"
#define VERSION "0.4.0"
#define STDC_HEADERS 1
#define HAVE_LIBASOUND 1

configure: exit 0
